<?xml version="1.0" encoding="UTF-8"?>
<!-- Generated by org.testng.reporters.JUnitReportReporter -->
<testsuite skipped="0" hostname="INTEL" name="CitronGlobal.Udemy_Framework_EndToEnd.Login_Test" tests="1" failures="0" timestamp="2020-07-10T17:04:35 IST" time="13.251" errors="0">
  <testcase name="login" time="13.251" classname="CitronGlobal.Udemy_Framework_EndToEnd.Login_Test"/>
  <system-out/>
</testsuite> <!-- CitronGlobal.Udemy_Framework_EndToEnd.Login_Test -->
