<?xml version="1.0" encoding="UTF-8"?>
<!-- Generated by org.testng.reporters.JUnitReportReporter -->
<testsuite skipped="0" hostname="INTEL" name="CitronGlobal.Udemy_Framework_EndToEnd.Home_Test" tests="1" failures="0" timestamp="2020-02-25T23:06:50 IST" time="239.995" errors="0">
  <testcase name="basePageNavigation" time="239.995" classname="CitronGlobal.Udemy_Framework_EndToEnd.Home_Test"/>
  <system-out/>
</testsuite> <!-- CitronGlobal.Udemy_Framework_EndToEnd.Home_Test -->
